<?xml version="1.0" encoding="UTF-8"?>
<testng-results ignored="0" total="1" passed="1" failed="0" skipped="0">
  <reporter-output>
  </reporter-output>
  <suite started-at="2021-08-06T08:10:22 IST" name="Default suite" finished-at="2021-08-06T08:11:08 IST" duration-ms="46218">
    <groups>
    </groups>
    <test started-at="2021-08-06T08:10:22 IST" name="Default test" finished-at="2021-08-06T08:11:08 IST" duration-ms="46218">
      <class name="scripts.Addthecoursetocart">
        <test-method is-config="true" signature="openApp()[pri:0, instance:scripts.Addthecoursetocart@79da8dc5]" started-at="2021-08-06T08:10:22 IST" name="openApp" finished-at="2021-08-06T08:10:54 IST" duration-ms="31633" status="PASS">
          <reporter-output>
          </reporter-output>
        </test-method> <!-- openApp -->
        <test-method signature="addtocart()[pri:0, instance:scripts.Addthecoursetocart@79da8dc5]" started-at="2021-08-06T08:10:54 IST" name="addtocart" finished-at="2021-08-06T08:11:07 IST" duration-ms="13199" status="PASS">
          <reporter-output>
          </reporter-output>
        </test-method> <!-- addtocart -->
        <test-method is-config="true" signature="closeApp(org.testng.ITestResult)[pri:0, instance:scripts.Addthecoursetocart@79da8dc5]" started-at="2021-08-06T08:11:07 IST" name="closeApp" finished-at="2021-08-06T08:11:08 IST" duration-ms="1271" status="PASS">
          <params>
            <param index="0">
              <value>
                <![CDATA[[TestResult name=addtocart status=SUCCESS method=Addthecoursetocart.addtocart()[pri:0, instance:scripts.Addthecoursetocart@79da8dc5] output={null}]]]>
              </value>
            </param>
          </params>
          <reporter-output>
          </reporter-output>
        </test-method> <!-- closeApp -->
      </class> <!-- scripts.Addthecoursetocart -->
    </test> <!-- Default test -->
  </suite> <!-- Default suite -->
</testng-results>
